<?xml version="1.0" encoding="UTF-8"?>
<!-- Generated by org.testng.reporters.JUnitXMLReporter -->
<testsuite ignored="0" hostname="ESRCOK-LAP-057" failures="0" tests="3" name="Default test" time="26.899" errors="0" timestamp="2026-03-05T16:49:06 IST">
  <testcase classname="testPackageCRM.TestClass2" name="loginUsingExcel" time="8.645"/>
  <testcase classname="testPackageCRM.TestClass2" name="myOrganizationTest" time="2.016"/>
  <testcase classname="testPackageCRM.TestClass2" name="integrationsTest" time="10.783"/>
</testsuite> <!-- Default test -->
