<?xml version="1.0" encoding="UTF-8"?>
<!-- Generated by org.testng.reporters.JUnitXMLReporter -->
<testsuite ignored="0" hostname="ESRCOK-LAP-057" failures="0" tests="3" name="Default test" time="19.993" errors="0" timestamp="2026-03-17T16:31:33 IST">
  <testcase classname="testPackageCRM.TestClass2" name="loginUsingExcel" time="8.282"/>
  <testcase classname="testPackageCRM.TestClass2" name="myOrganizationTest" time="1.726"/>
  <testcase classname="testPackageCRM.TestClass2" name="vaultImportExportTest" time="7.426"/>
</testsuite> <!-- Default test -->
