<?xml version="1.0" encoding="UTF-8"?>
<!-- Generated by org.testng.reporters.JUnitXMLReporter -->
<testsuite ignored="0" hostname="ESRCOK-LAP-057" failures="0" tests="3" name="Default test" time="121.727" errors="0" timestamp="2026-03-02T14:18:11 IST">
  <testcase classname="testPackageCRM.TestClass2" name="loginUsingExcel" time="7.947"/>
  <testcase classname="testPackageCRM.TestClass2" name="myOrganizationTest" time="1.934"/>
  <testcase classname="testPackageCRM.TestClass2" name="checklistTest" time="106.053"/>
</testsuite> <!-- Default test -->
