<?xml version="1.0" encoding="UTF-8"?>
<testng-results ignored="0" total="3" passed="3" failed="0" skipped="0">
  <reporter-output>
  </reporter-output>
  <suite started-at="2026-03-02T14:16:10 IST" name="Default suite" finished-at="2026-03-02T14:18:11 IST" duration-ms="121727">
    <groups>
    </groups>
    <test started-at="2026-03-02T14:16:10 IST" name="Default test" finished-at="2026-03-02T14:18:11 IST" duration-ms="121727">
      <class name="testPackageCRM.TestClass2">
        <test-method is-config="true" signature="reportSetup()[pri:0, instance:testPackageCRM.TestClass2@55fe41ea]" started-at="2026-03-02T14:16:10 IST" name="reportSetup" finished-at="2026-03-02T14:16:10 IST" duration-ms="306" status="PASS">
          <reporter-output>
          </reporter-output>
        </test-method> <!-- reportSetup -->
        <test-method is-config="true" signature="browserSetup()[pri:0, instance:testPackageCRM.TestClass2@55fe41ea]" started-at="2026-03-02T14:16:10 IST" name="browserSetup" finished-at="2026-03-02T14:16:12 IST" duration-ms="2366" status="PASS">
          <reporter-output>
          </reporter-output>
        </test-method> <!-- browserSetup -->
        <test-method is-config="true" signature="createTest(java.lang.reflect.Method)[pri:0, instance:testPackageCRM.TestClass2@55fe41ea]" started-at="2026-03-02T14:16:15 IST" name="createTest" finished-at="2026-03-02T14:16:15 IST" duration-ms="26" status="PASS">
          <params>
            <param index="0">
              <value>
                <![CDATA[public void testPackageCRM.TestClass2.loginUsingExcel(java.lang.String,java.lang.String,java.lang.String)]]>
              </value>
            </param>
          </params>
          <reporter-output>
          </reporter-output>
        </test-method> <!-- createTest -->
        <test-method signature="loginUsingExcel(java.lang.String,java.lang.String,java.lang.String)[pri:1, instance:testPackageCRM.TestClass2@55fe41ea]" started-at="2026-03-02T14:16:15 IST" name="loginUsingExcel" data-provider="loginData" finished-at="2026-03-02T14:16:23 IST" duration-ms="7947" status="PASS">
          <params>
            <param index="0">
              <value>
                <![CDATA[https://qatest.sunscape.solar/login]]>
              </value>
            </param>
            <param index="1">
              <value>
                <![CDATA[kanjana@energyscaperenewables.com]]>
              </value>
            </param>
            <param index="2">
              <value>
                <![CDATA[Energy@2026]]>
              </value>
            </param>
          </params>
          <reporter-output>
          </reporter-output>
        </test-method> <!-- loginUsingExcel -->
        <test-method is-config="true" signature="captureResult(org.testng.ITestResult)[pri:0, instance:testPackageCRM.TestClass2@55fe41ea]" started-at="2026-03-02T14:16:23 IST" name="captureResult" finished-at="2026-03-02T14:16:23 IST" duration-ms="2" status="PASS">
          <params>
            <param index="0">
              <value>
                <![CDATA[[TestResult name=loginUsingExcel status=SUCCESS method=TestClass2.loginUsingExcel(java.lang.String,java.lang.String,java.lang.String)[pri:1, instance:testPackageCRM.TestClass2@55fe41ea] output={null}]]]>
              </value>
            </param>
          </params>
          <reporter-output>
          </reporter-output>
        </test-method> <!-- captureResult -->
        <test-method is-config="true" signature="createTest(java.lang.reflect.Method)[pri:0, instance:testPackageCRM.TestClass2@55fe41ea]" started-at="2026-03-02T14:16:23 IST" name="createTest" finished-at="2026-03-02T14:16:23 IST" duration-ms="2" status="PASS">
          <params>
            <param index="0">
              <value>
                <![CDATA[public void testPackageCRM.TestClass2.myOrganizationTest()]]>
              </value>
            </param>
          </params>
          <reporter-output>
          </reporter-output>
        </test-method> <!-- createTest -->
        <test-method signature="myOrganizationTest()[pri:2, instance:testPackageCRM.TestClass2@55fe41ea]" started-at="2026-03-02T14:16:23 IST" name="myOrganizationTest" finished-at="2026-03-02T14:16:25 IST" duration-ms="1934" status="PASS">
          <reporter-output>
          </reporter-output>
        </test-method> <!-- myOrganizationTest -->
        <test-method is-config="true" signature="captureResult(org.testng.ITestResult)[pri:0, instance:testPackageCRM.TestClass2@55fe41ea]" started-at="2026-03-02T14:16:25 IST" name="captureResult" finished-at="2026-03-02T14:16:25 IST" duration-ms="2" status="PASS">
          <params>
            <param index="0">
              <value>
                <![CDATA[[TestResult name=myOrganizationTest status=SUCCESS method=TestClass2.myOrganizationTest()[pri:2, instance:testPackageCRM.TestClass2@55fe41ea] output={null}]]]>
              </value>
            </param>
          </params>
          <reporter-output>
          </reporter-output>
        </test-method> <!-- captureResult -->
        <test-method is-config="true" signature="createTest(java.lang.reflect.Method)[pri:0, instance:testPackageCRM.TestClass2@55fe41ea]" started-at="2026-03-02T14:16:25 IST" name="createTest" finished-at="2026-03-02T14:16:25 IST" duration-ms="0" status="PASS">
          <params>
            <param index="0">
              <value>
                <![CDATA[public void testPackageCRM.TestClass2.checklistTest() throws java.lang.Exception]]>
              </value>
            </param>
          </params>
          <reporter-output>
          </reporter-output>
        </test-method> <!-- createTest -->
        <test-method signature="checklistTest()[pri:3, instance:testPackageCRM.TestClass2@55fe41ea]" started-at="2026-03-02T14:16:25 IST" name="checklistTest" finished-at="2026-03-02T14:18:11 IST" duration-ms="106053" status="PASS">
          <reporter-output>
          </reporter-output>
        </test-method> <!-- checklistTest -->
        <test-method is-config="true" signature="captureResult(org.testng.ITestResult)[pri:0, instance:testPackageCRM.TestClass2@55fe41ea]" started-at="2026-03-02T14:18:11 IST" name="captureResult" finished-at="2026-03-02T14:18:11 IST" duration-ms="0" status="PASS">
          <params>
            <param index="0">
              <value>
                <![CDATA[[TestResult name=checklistTest status=SUCCESS method=TestClass2.checklistTest()[pri:3, instance:testPackageCRM.TestClass2@55fe41ea] output={null}]]]>
              </value>
            </param>
          </params>
          <reporter-output>
          </reporter-output>
        </test-method> <!-- captureResult -->
        <test-method is-config="true" signature="teardown()[pri:0, instance:testPackageCRM.TestClass2@55fe41ea]" started-at="2026-03-02T14:18:11 IST" name="teardown" finished-at="2026-03-02T14:18:11 IST" duration-ms="865" status="PASS">
          <reporter-output>
          </reporter-output>
        </test-method> <!-- teardown -->
      </class> <!-- testPackageCRM.TestClass2 -->
    </test> <!-- Default test -->
  </suite> <!-- Default suite -->
</testng-results>
