<?xml version="1.0" encoding="UTF-8"?>
<testng-results ignored="0" total="3" passed="3" failed="0" skipped="0">
  <reporter-output>
  </reporter-output>
  <suite started-at="2026-03-17T16:31:13 IST" name="Default suite" finished-at="2026-03-17T16:31:33 IST" duration-ms="19993">
    <groups>
    </groups>
    <test started-at="2026-03-17T16:31:13 IST" name="Default test" finished-at="2026-03-17T16:31:33 IST" duration-ms="19993">
      <class name="testPackageCRM.TestClass2">
        <test-method is-config="true" signature="reportSetup()[pri:0, instance:testPackageCRM.TestClass2@55fe41ea]" started-at="2026-03-17T16:31:13 IST" name="reportSetup" finished-at="2026-03-17T16:31:14 IST" duration-ms="160" status="PASS">
          <reporter-output>
          </reporter-output>
        </test-method> <!-- reportSetup -->
        <test-method is-config="true" signature="browserSetup()[pri:0, instance:testPackageCRM.TestClass2@55fe41ea]" started-at="2026-03-17T16:31:14 IST" name="browserSetup" finished-at="2026-03-17T16:31:15 IST" duration-ms="1469" status="PASS">
          <reporter-output>
          </reporter-output>
        </test-method> <!-- browserSetup -->
        <test-method is-config="true" signature="createTest(java.lang.reflect.Method)[pri:0, instance:testPackageCRM.TestClass2@55fe41ea]" started-at="2026-03-17T16:31:16 IST" name="createTest" finished-at="2026-03-17T16:31:16 IST" duration-ms="15" status="PASS">
          <params>
            <param index="0">
              <value>
                <![CDATA[public void testPackageCRM.TestClass2.loginUsingExcel(java.lang.String,java.lang.String,java.lang.String)]]>
              </value>
            </param>
          </params>
          <reporter-output>
          </reporter-output>
        </test-method> <!-- createTest -->
        <test-method signature="loginUsingExcel(java.lang.String,java.lang.String,java.lang.String)[pri:1, instance:testPackageCRM.TestClass2@55fe41ea]" started-at="2026-03-17T16:31:16 IST" name="loginUsingExcel" data-provider="loginData" finished-at="2026-03-17T16:31:24 IST" duration-ms="8282" status="PASS">
          <params>
            <param index="0">
              <value>
                <![CDATA[https://qatest.sunscape.solar/login]]>
              </value>
            </param>
            <param index="1">
              <value>
                <![CDATA[kanjana@energyscaperenewables.com]]>
              </value>
            </param>
            <param index="2">
              <value>
                <![CDATA[Energy@2026]]>
              </value>
            </param>
          </params>
          <reporter-output>
          </reporter-output>
        </test-method> <!-- loginUsingExcel -->
        <test-method is-config="true" signature="captureResult(org.testng.ITestResult)[pri:0, instance:testPackageCRM.TestClass2@55fe41ea]" started-at="2026-03-17T16:31:24 IST" name="captureResult" finished-at="2026-03-17T16:31:24 IST" duration-ms="0" status="PASS">
          <params>
            <param index="0">
              <value>
                <![CDATA[[TestResult name=loginUsingExcel status=SUCCESS method=TestClass2.loginUsingExcel(java.lang.String,java.lang.String,java.lang.String)[pri:1, instance:testPackageCRM.TestClass2@55fe41ea] output={null}]]]>
              </value>
            </param>
          </params>
          <reporter-output>
          </reporter-output>
        </test-method> <!-- captureResult -->
        <test-method signature="myOrganizationTest()[pri:2, instance:testPackageCRM.TestClass2@55fe41ea]" started-at="2026-03-17T16:31:24 IST" name="myOrganizationTest" finished-at="2026-03-17T16:31:26 IST" duration-ms="1726" status="PASS">
          <reporter-output>
          </reporter-output>
        </test-method> <!-- myOrganizationTest -->
        <test-method is-config="true" signature="createTest(java.lang.reflect.Method)[pri:0, instance:testPackageCRM.TestClass2@55fe41ea]" started-at="2026-03-17T16:31:24 IST" name="createTest" finished-at="2026-03-17T16:31:24 IST" duration-ms="0" status="PASS">
          <params>
            <param index="0">
              <value>
                <![CDATA[public void testPackageCRM.TestClass2.myOrganizationTest()]]>
              </value>
            </param>
          </params>
          <reporter-output>
          </reporter-output>
        </test-method> <!-- createTest -->
        <test-method is-config="true" signature="createTest(java.lang.reflect.Method)[pri:0, instance:testPackageCRM.TestClass2@55fe41ea]" started-at="2026-03-17T16:31:26 IST" name="createTest" finished-at="2026-03-17T16:31:26 IST" duration-ms="1" status="PASS">
          <params>
            <param index="0">
              <value>
                <![CDATA[public void testPackageCRM.TestClass2.vaultImportExportTest() throws java.lang.Exception]]>
              </value>
            </param>
          </params>
          <reporter-output>
          </reporter-output>
        </test-method> <!-- createTest -->
        <test-method is-config="true" signature="captureResult(org.testng.ITestResult)[pri:0, instance:testPackageCRM.TestClass2@55fe41ea]" started-at="2026-03-17T16:31:26 IST" name="captureResult" finished-at="2026-03-17T16:31:26 IST" duration-ms="0" status="PASS">
          <params>
            <param index="0">
              <value>
                <![CDATA[[TestResult name=myOrganizationTest status=SUCCESS method=TestClass2.myOrganizationTest()[pri:2, instance:testPackageCRM.TestClass2@55fe41ea] output={null}]]]>
              </value>
            </param>
          </params>
          <reporter-output>
          </reporter-output>
        </test-method> <!-- captureResult -->
        <test-method signature="vaultImportExportTest()[pri:3, instance:testPackageCRM.TestClass2@55fe41ea]" started-at="2026-03-17T16:31:26 IST" name="vaultImportExportTest" finished-at="2026-03-17T16:31:33 IST" duration-ms="7426" status="PASS">
          <reporter-output>
          </reporter-output>
        </test-method> <!-- vaultImportExportTest -->
        <test-method is-config="true" signature="captureResult(org.testng.ITestResult)[pri:0, instance:testPackageCRM.TestClass2@55fe41ea]" started-at="2026-03-17T16:31:33 IST" name="captureResult" finished-at="2026-03-17T16:31:33 IST" duration-ms="0" status="PASS">
          <params>
            <param index="0">
              <value>
                <![CDATA[[TestResult name=vaultImportExportTest status=SUCCESS method=TestClass2.vaultImportExportTest()[pri:3, instance:testPackageCRM.TestClass2@55fe41ea] output={null}]]]>
              </value>
            </param>
          </params>
          <reporter-output>
          </reporter-output>
        </test-method> <!-- captureResult -->
        <test-method is-config="true" signature="teardown()[pri:0, instance:testPackageCRM.TestClass2@55fe41ea]" started-at="2026-03-17T16:31:33 IST" name="teardown" finished-at="2026-03-17T16:31:33 IST" duration-ms="332" status="PASS">
          <reporter-output>
          </reporter-output>
        </test-method> <!-- teardown -->
      </class> <!-- testPackageCRM.TestClass2 -->
    </test> <!-- Default test -->
  </suite> <!-- Default suite -->
</testng-results>
