<?xml version="1.0" encoding="UTF-8"?>
<!-- Generated by org.testng.reporters.JUnitReportReporter -->
<testsuite hostname="ESRCOK-LAP-057" failures="0" tests="3" name="testPackageCRM.TestClass2" time="17.450" errors="0" timestamp="2026-03-17T16:31:33 IST" skipped="0">
  <testcase classname="testPackageCRM.TestClass2" name="loginUsingExcel" time="8.282"/>
  <testcase classname="testPackageCRM.TestClass2" name="myOrganizationTest" time="1.727"/>
  <testcase classname="testPackageCRM.TestClass2" name="vaultImportExportTest" time="7.441"/>
</testsuite> <!-- testPackageCRM.TestClass2 -->
