<?xml version="1.0" encoding="UTF-8"?>
<!-- Generated by org.testng.reporters.JUnitReportReporter -->
<testsuite hostname="ESRCOK-LAP-057" failures="0" tests="3" name="testPackageCRM.TestClass2" time="21.500" errors="0" timestamp="2026-03-05T16:49:06 IST" skipped="0">
  <testcase classname="testPackageCRM.TestClass2" name="loginUsingExcel" time="8.694"/>
  <testcase classname="testPackageCRM.TestClass2" name="myOrganizationTest" time="2.021"/>
  <testcase classname="testPackageCRM.TestClass2" name="integrationsTest" time="10.785"/>
</testsuite> <!-- testPackageCRM.TestClass2 -->
